<?xml version="1.0" encoding="UTF-8"?>
<testsuite xmlns:xsi="http://www.w3.org/2001/XMLSchema-instance" xsi:noNamespaceSchemaLocation="https://maven.apache.org/surefire/maven-surefire-plugin/xsd/surefire-test-report.xsd" name="in.thamimsubansait.doboo.TestCreateTask" time="0.064" tests="9" errors="0" skipped="0" failures="1">
  <properties>
    <property name="java.specification.version" value="17"/>
    <property name="sun.cpu.isalist" value="amd64"/>
    <property name="sun.jnu.encoding" value="Cp1252"/>
    <property name="java.class.path" value="C:\Software\eclipse_IDE_Workspace\doboo\target\test-classes;C:\Software\eclipse_IDE_Workspace\doboo\target\classes;C:\Users\ThamimSubansait\.m2\repository\org\junit\jupiter\junit-jupiter-api\5.8.2\junit-jupiter-api-5.8.2.jar;C:\Users\ThamimSubansait\.m2\repository\org\opentest4j\opentest4j\1.2.0\opentest4j-1.2.0.jar;C:\Users\ThamimSubansait\.m2\repository\org\junit\platform\junit-platform-commons\1.8.2\junit-platform-commons-1.8.2.jar;C:\Users\ThamimSubansait\.m2\repository\org\apiguardian\apiguardian-api\1.1.2\apiguardian-api-1.1.2.jar;C:\Users\ThamimSubansait\.m2\repository\mysql\mysql-connector-java\8.0.28\mysql-connector-java-8.0.28.jar;C:\Users\ThamimSubansait\.m2\repository\com\google\protobuf\protobuf-java\3.11.4\protobuf-java-3.11.4.jar;"/>
    <property name="java.vm.vendor" value="Oracle Corporation"/>
    <property name="sun.arch.data.model" value="64"/>
    <property name="user.variant" value=""/>
    <property name="java.vendor.url" value="https://java.oracle.com/"/>
    <property name="user.timezone" value="Asia/Calcutta"/>
    <property name="os.name" value="Windows 10"/>
    <property name="java.vm.specification.version" value="17"/>
    <property name="sun.java.launcher" value="SUN_STANDARD"/>
    <property name="user.country" value="IN"/>
    <property name="sun.boot.library.path" value="C:\Program Files\Java\jdk-17\bin"/>
    <property name="sun.java.command" value="C:\Users\THAMIM~1\AppData\Local\Temp\surefire6660681756802201641\surefirebooter11528547537880648574.jar C:\Users\ThamimSubansait\AppData\Local\Temp\surefire6660681756802201641 2023-07-24T10-28-29_452-jvmRun1 surefire3406897678558095590tmp surefire_011673682247764428589tmp"/>
    <property name="jdk.debug" value="release"/>
    <property name="surefire.test.class.path" value="C:\Software\eclipse_IDE_Workspace\doboo\target\test-classes;C:\Software\eclipse_IDE_Workspace\doboo\target\classes;C:\Users\ThamimSubansait\.m2\repository\org\junit\jupiter\junit-jupiter-api\5.8.2\junit-jupiter-api-5.8.2.jar;C:\Users\ThamimSubansait\.m2\repository\org\opentest4j\opentest4j\1.2.0\opentest4j-1.2.0.jar;C:\Users\ThamimSubansait\.m2\repository\org\junit\platform\junit-platform-commons\1.8.2\junit-platform-commons-1.8.2.jar;C:\Users\ThamimSubansait\.m2\repository\org\apiguardian\apiguardian-api\1.1.2\apiguardian-api-1.1.2.jar;C:\Users\ThamimSubansait\.m2\repository\mysql\mysql-connector-java\8.0.28\mysql-connector-java-8.0.28.jar;C:\Users\ThamimSubansait\.m2\repository\com\google\protobuf\protobuf-java\3.11.4\protobuf-java-3.11.4.jar;"/>
    <property name="sun.cpu.endian" value="little"/>
    <property name="user.home" value="C:\Users\ThamimSubansait"/>
    <property name="user.language" value="en"/>
    <property name="java.specification.vendor" value="Oracle Corporation"/>
    <property name="java.version.date" value="2023-04-18"/>
    <property name="java.home" value="C:\Program Files\Java\jdk-17"/>
    <property name="file.separator" value="\"/>
    <property name="style.color" value="always"/>
    <property name="basedir" value="C:\Software\eclipse_IDE_Workspace\doboo"/>
    <property name="java.vm.compressedOopsMode" value="32-bit"/>
    <property name="line.separator" value="&#10;"/>
    <property name="java.vm.specification.vendor" value="Oracle Corporation"/>
    <property name="java.specification.name" value="Java Platform API Specification"/>
    <property name="surefire.real.class.path" value="C:\Users\THAMIM~1\AppData\Local\Temp\surefire6660681756802201641\surefirebooter11528547537880648574.jar"/>
    <property name="user.script" value=""/>
    <property name="sun.management.compiler" value="HotSpot 64-Bit Tiered Compilers"/>
    <property name="java.runtime.version" value="17.0.7+8-LTS-224"/>
    <property name="user.name" value="ThamimSubansait"/>
    <property name="path.separator" value=";"/>
    <property name="os.version" value="10.0"/>
    <property name="java.runtime.name" value="Java(TM) SE Runtime Environment"/>
    <property name="file.encoding" value="Cp1252"/>
    <property name="java.vm.name" value="Java HotSpot(TM) 64-Bit Server VM"/>
    <property name="localRepository" value="C:\Users\ThamimSubansait\.m2\repository"/>
    <property name="java.vendor.url.bug" value="https://bugreport.java.com/bugreport/"/>
    <property name="java.io.tmpdir" value="C:\Users\THAMIM~1\AppData\Local\Temp\"/>
    <property name="java.version" value="17.0.7"/>
    <property name="user.dir" value="C:\Software\eclipse_IDE_Workspace\doboo"/>
    <property name="os.arch" value="amd64"/>
    <property name="java.vm.specification.name" value="Java Virtual Machine Specification"/>
    <property name="sun.os.patch.level" value=""/>
    <property name="native.encoding" value="Cp1252"/>
    <property name="java.library.path" value="C:\Program Files\Java\jdk-17\bin;C:\WINDOWS\Sun\Java\bin;C:\WINDOWS\system32;C:\WINDOWS;C:/Software/eclipse//plugins/org.eclipse.justj.openjdk.hotspot.jre.full.win32.x86_64_17.0.6.v20230204-1729/jre/bin/server;C:/Software/eclipse//plugins/org.eclipse.justj.openjdk.hotspot.jre.full.win32.x86_64_17.0.6.v20230204-1729/jre/bin;C:\Program Files\Common Files\Oracle\Java\javapath;C:\WINDOWS\system32;C:\WINDOWS;C:\WINDOWS\System32\Wbem;C:\WINDOWS\System32\WindowsPowerShell\v1.0\;C:\WINDOWS\System32\OpenSSH\;C:\Program Files\nodejs\;C:\Program Files\Git\cmd;C:\Program Files\Java\jdk-17\bin;C:\Program Files\MySQL\MySQL Shell 8.0\bin\;C:\Users\ThamimSubansait\AppData\Local\Microsoft\WindowsApps;C:\Users\ThamimSubansait\AppData\Local\Programs\Microsoft VS Code\bin;C:\Users\ThamimSubansait\AppData\Local\GitHubDesktop\bin;C:\Software\eclipse;;."/>
    <property name="java.vm.info" value="mixed mode, sharing"/>
    <property name="java.vendor" value="Oracle Corporation"/>
    <property name="java.vm.version" value="17.0.7+8-LTS-224"/>
    <property name="sun.io.unicode.encoding" value="UnicodeLittle"/>
    <property name="java.class.version" value="61.0"/>
  </properties>
  <testcase name="in.thamimsubansait.doboo.TestCreateTask.testCreateTaskWithTaskDueDateFormat" classname="in.thamimsubansait.doboo.TestCreateTask" time="0.019"/>
  <testcase name="in.thamimsubansait.doboo.TestCreateTask.testCreateTaskWithTaskDueDateIsPast" classname="in.thamimsubansait.doboo.TestCreateTask" time="0.015"/>
  <testcase name="in.thamimsubansait.doboo.TestCreateTask.testCreateTaskWithTaskDueDateInValid" classname="in.thamimsubansait.doboo.TestCreateTask" time="0.002"/>
  <testcase name="in.thamimsubansait.doboo.TestCreateTask.testCreateTaskWithInvalidInput" classname="in.thamimsubansait.doboo.TestCreateTask" time="0.001"/>
  <testcase name="in.thamimsubansait.doboo.TestCreateTask.testCreateTaskWithTaskDueDateNull" classname="in.thamimsubansait.doboo.TestCreateTask" time="0.001"/>
  <testcase name="in.thamimsubansait.doboo.TestCreateTask.testCreateTaskWithTaskDueDateEmpty" classname="in.thamimsubansait.doboo.TestCreateTask" time="0.002"/>
  <testcase name="in.thamimsubansait.doboo.TestCreateTask.testCreateTaskWithValidInput" classname="in.thamimsubansait.doboo.TestCreateTask" time="0.016">
    <failure message="Unexpected exception thrown: in.thamimsubansait.doboo.exception.ValidationException: Invalid Date or Invalid date Format" type="org.opentest4j.AssertionFailedError">org.opentest4j.AssertionFailedError: Unexpected exception thrown: in.thamimsubansait.doboo.exception.ValidationException: Invalid Date or Invalid date Format
	at org.junit.jupiter.api.AssertDoesNotThrow.createAssertionFailedError(AssertDoesNotThrow.java:83)
	at org.junit.jupiter.api.AssertDoesNotThrow.assertDoesNotThrow(AssertDoesNotThrow.java:54)
	at org.junit.jupiter.api.AssertDoesNotThrow.assertDoesNotThrow(AssertDoesNotThrow.java:37)
	at org.junit.jupiter.api.Assertions.assertDoesNotThrow(Assertions.java:3135)
	at in.thamimsubansait.doboo.TestCreateTask.testCreateTaskWithValidInput(TestCreateTask.java:29)
Caused by: in.thamimsubansait.doboo.exception.ValidationException: Invalid Date or Invalid date Format
	at in.thamimsubansait.doboo.service.TaskService.create(TaskService.java:33)
	at in.thamimsubansait.doboo.TestCreateTask.lambda$testCreateTaskWithValidInput$0(TestCreateTask.java:30)
	at org.junit.jupiter.api.AssertDoesNotThrow.assertDoesNotThrow(AssertDoesNotThrow.java:50)
	... 16 more
</failure>
  </testcase>
  <testcase name="in.thamimsubansait.doboo.TestCreateTask.testCreateTaskNameWithEmpty" classname="in.thamimsubansait.doboo.TestCreateTask" time="0"/>
  <testcase name="in.thamimsubansait.doboo.TestCreateTask.testCreateTaskNameWithNull" classname="in.thamimsubansait.doboo.TestCreateTask" time="0"/>
</testsuite>