<?xml version="1.0" encoding="UTF-8"?>
<testsuite xmlns:xsi="http://www.w3.org/2001/XMLSchema-instance" xsi:noNamespaceSchemaLocation="https://maven.apache.org/surefire/maven-surefire-plugin/xsd/surefire-test-report.xsd" name="in.thamimsubansait.doboo.TestCreateTask" time="0.064" tests="9" errors="0" skipped="0" failures="1">
  <properties>
[...]
</properties>
  <testcase name="in.thamimsubansait.doboo.TestCreateTask.testCreateTaskWithTaskDueDateFormat" classname="in.thamimsubansait.doboo.TestCreateTask" time="0.019"/>
  <testcase name="in.thamimsubansait.doboo.TestCreateTask.testCreateTaskWithTaskDueDateIsPast" classname="in.thamimsubansait.doboo.TestCreateTask" time="0.015"/>
  <testcase name="in.thamimsubansait.doboo.TestCreateTask.testCreateTaskWithTaskDueDateInValid" classname="in.thamimsubansait.doboo.TestCreateTask" time="0.002"/>
  <testcase name="in.thamimsubansait.doboo.TestCreateTask.testCreateTaskWithInvalidInput" classname="in.thamimsubansait.doboo.TestCreateTask" time="0.001"/>
  <testcase name="in.thamimsubansait.doboo.TestCreateTask.testCreateTaskWithTaskDueDateNull" classname="in.thamimsubansait.doboo.TestCreateTask" time="0.001"/>
  <testcase name="in.thamimsubansait.doboo.TestCreateTask.testCreateTaskWithTaskDueDateEmpty" classname="in.thamimsubansait.doboo.TestCreateTask" time="0.002"/>
  <testcase name="in.thamimsubansait.doboo.TestCreateTask.testCreateTaskWithValidInput" classname="in.thamimsubansait.doboo.TestCreateTask" time="0.016">
    <failure message="Unexpected exception thrown: in.thamimsubansait.doboo.exception.ValidationException: Invalid Date or Invalid date Format" type="org.opentest4j.AssertionFailedError">org.opentest4j.AssertionFailedError: Unexpected exception thrown: in.thamimsubansait.doboo.exception.ValidationException: Invalid Date or Invalid date Format
	at org.junit.jupiter.api.AssertDoesNotThrow.createAssertionFailedError(AssertDoesNotThrow.java:83)
	at org.junit.jupiter.api.AssertDoesNotThrow.assertDoesNotThrow(AssertDoesNotThrow.java:54)
	at org.junit.jupiter.api.AssertDoesNotThrow.assertDoesNotThrow(AssertDoesNotThrow.java:37)
	at org.junit.jupiter.api.Assertions.assertDoesNotThrow(Assertions.java:3135)
	at in.thamimsubansait.doboo.TestCreateTask.testCreateTaskWithValidInput(TestCreateTask.java:29)
Caused by: in.thamimsubansait.doboo.exception.ValidationException: Invalid Date or Invalid date Format
	at in.thamimsubansait.doboo.service.TaskService.create(TaskService.java:33)
	at in.thamimsubansait.doboo.TestCreateTask.lambda$testCreateTaskWithValidInput$0(TestCreateTask.java:30)
	at org.junit.jupiter.api.AssertDoesNotThrow.assertDoesNotThrow(AssertDoesNotThrow.java:50)
	... 16 more
</failure>
  </testcase>
  <testcase name="in.thamimsubansait.doboo.TestCreateTask.testCreateTaskNameWithEmpty" classname="in.thamimsubansait.doboo.TestCreateTask" time="0"/>
  <testcase name="in.thamimsubansait.doboo.TestCreateTask.testCreateTaskNameWithNull" classname="in.thamimsubansait.doboo.TestCreateTask" time="0"/>
</testsuite>