<?xml version="1.0" encoding="UTF-8"?>
<testsuite xmlns:xsi="http://www.w3.org/2001/XMLSchema-instance" xsi:noNamespaceSchemaLocation="https://maven.apache.org/surefire/maven-surefire-plugin/xsd/surefire-test-report.xsd" name="in.thamimsubansait.doboo.TestGetAllUsers" time="3.465" tests="3" errors="0" skipped="0" failures="0">
  <properties>
[...]
</properties>
  <testcase name="in.thamimsubansait.doboo.TestGetAllUsers.testFindById" classname="in.thamimsubansait.doboo.TestGetAllUsers" time="0.969"/>
  <testcase name="in.thamimsubansait.doboo.TestGetAllUsers.testUpdateUser" classname="in.thamimsubansait.doboo.TestGetAllUsers" time="1.198"/>
  <testcase name="in.thamimsubansait.doboo.TestGetAllUsers.testGetAllUser" classname="in.thamimsubansait.doboo.TestGetAllUsers" time="1.296"/>
</testsuite>